[0m00:26:56.826766 [debug] [MainThread]: Sending event: {'category': 'dbt', 'action': 'invocation', 'label': 'start', 'context': [<snowplow_tracker.self_describing_json.SelfDescribingJson object at 0x7b7ef8647310>, <snowplow_tracker.self_describing_json.SelfDescribingJson object at 0x7b7ef6bac3a0>, <snowplow_tracker.self_describing_json.SelfDescribingJson object at 0x7b7ef6bac400>]}


============================== 00:26:56.829809 | 58f94ab0-b133-46c3-a76b-538eae9597a7 ==============================
[0m00:26:56.829809 [info ] [MainThread]: Running with dbt=1.8.2
[0m00:26:56.830641 [debug] [MainThread]: running dbt with arguments {'printer_width': '80', 'indirect_selection': 'eager', 'log_cache_events': 'False', 'write_json': 'True', 'partial_parse': 'True', 'cache_selected_only': 'False', 'warn_error': 'None', 'debug': 'False', 'profiles_dir': '/workspaces/dbt/hello_world', 'log_path': '/workspaces/dbt/hello_world/logs', 'fail_fast': 'False', 'version_check': 'True', 'use_colors': 'True', 'use_experimental_parser': 'False', 'no_print': 'None', 'quiet': 'False', 'warn_error_options': 'WarnErrorOptions(include=[], exclude=[])', 'static_parser': 'True', 'invocation_command': 'dbt debug', 'introspect': 'True', 'target_path': 'None', 'log_format': 'default', 'send_anonymous_usage_stats': 'True'}
[0m00:26:56.839796 [info ] [MainThread]: dbt version: 1.8.2
[0m00:26:56.840429 [info ] [MainThread]: python version: 3.10.13
[0m00:26:56.841017 [info ] [MainThread]: python path: /usr/local/python/3.10.13/bin/python3
[0m00:26:56.841596 [info ] [MainThread]: os info: Linux-6.5.0-1021-azure-x86_64-with-glibc2.31
[0m00:26:56.940613 [info ] [MainThread]: Using profiles dir at /workspaces/dbt/hello_world
[0m00:26:56.941376 [info ] [MainThread]: Using profiles.yml file at /workspaces/dbt/hello_world/profiles.yml
[0m00:26:56.941998 [info ] [MainThread]: Using dbt_project.yml file at /workspaces/dbt/hello_world/dbt_project.yml
[0m00:26:56.942770 [info ] [MainThread]: adapter type: duckdb
[0m00:26:56.943380 [info ] [MainThread]: adapter version: 1.8.1
[0m00:26:57.069045 [info ] [MainThread]: Configuration:
[0m00:26:57.070073 [info ] [MainThread]:   profiles.yml file [[32mOK found and valid[0m]
[0m00:26:57.070689 [info ] [MainThread]:   dbt_project.yml file [[32mOK found and valid[0m]
[0m00:26:57.071615 [info ] [MainThread]: Required dependencies:
[0m00:26:57.072292 [debug] [MainThread]: Executing "git --help"
[0m00:26:57.075018 [debug] [MainThread]: STDOUT: "b"usage: git [-v | --version] [-h | --help] [-C <path>] [-c <name>=<value>]\n           [--exec-path[=<path>]] [--html-path] [--man-path] [--info-path]\n           [-p | --paginate | -P | --no-pager] [--no-replace-objects] [--bare]\n           [--git-dir=<path>] [--work-tree=<path>] [--namespace=<name>]\n           [--config-env=<name>=<envvar>] <command> [<args>]\n\nThese are common Git commands used in various situations:\n\nstart a working area (see also: git help tutorial)\n   clone     Clone a repository into a new directory\n   init      Create an empty Git repository or reinitialize an existing one\n\nwork on the current change (see also: git help everyday)\n   add       Add file contents to the index\n   mv        Move or rename a file, a directory, or a symlink\n   restore   Restore working tree files\n   rm        Remove files from the working tree and from the index\n\nexamine the history and state (see also: git help revisions)\n   bisect    Use binary search to find the commit that introduced a bug\n   diff      Show changes between commits, commit and working tree, etc\n   grep      Print lines matching a pattern\n   log       Show commit logs\n   show      Show various types of objects\n   status    Show the working tree status\n\ngrow, mark and tweak your common history\n   branch    List, create, or delete branches\n   commit    Record changes to the repository\n   merge     Join two or more development histories together\n   rebase    Reapply commits on top of another base tip\n   reset     Reset current HEAD to the specified state\n   switch    Switch branches\n   tag       Create, list, delete or verify a tag object signed with GPG\n\ncollaborate (see also: git help workflows)\n   fetch     Download objects and refs from another repository\n   pull      Fetch from and integrate with another repository or a local branch\n   push      Update remote refs along with associated objects\n\n'git help -a' and 'git help -g' list available subcommands and some\nconcept guides. See 'git help <command>' or 'git help <concept>'\nto read about a specific subcommand or concept.\nSee 'git help git' for an overview of the system.\n""
[0m00:26:57.076012 [debug] [MainThread]: STDERR: "b''"
[0m00:26:57.076565 [info ] [MainThread]:  - git [[32mOK found[0m]

[0m00:26:57.077303 [info ] [MainThread]: Connection:
[0m00:26:57.078128 [info ] [MainThread]:   database: memory
[0m00:26:57.078870 [info ] [MainThread]:   schema: main
[0m00:26:57.079630 [info ] [MainThread]:   path: :memory:
[0m00:26:57.080245 [info ] [MainThread]:   config_options: None
[0m00:26:57.080838 [info ] [MainThread]:   extensions: None
[0m00:26:57.081421 [info ] [MainThread]:   settings: None
[0m00:26:57.082005 [info ] [MainThread]:   external_root: .
[0m00:26:57.082679 [info ] [MainThread]:   use_credential_provider: None
[0m00:26:57.083350 [info ] [MainThread]:   attach: None
[0m00:26:57.084105 [info ] [MainThread]:   filesystems: None
[0m00:26:57.084797 [info ] [MainThread]:   remote: None
[0m00:26:57.085393 [info ] [MainThread]:   plugins: None
[0m00:26:57.085974 [info ] [MainThread]:   disable_transactions: False
[0m00:26:57.086733 [info ] [MainThread]: Registered adapter: duckdb=1.8.1
[0m00:26:57.088662 [debug] [MainThread]: Acquiring new duckdb connection 'debug'
[0m00:26:57.138204 [debug] [MainThread]: Using duckdb connection "debug"
[0m00:26:57.138918 [debug] [MainThread]: On debug: select 1 as id
[0m00:26:57.139475 [debug] [MainThread]: Opening a new connection, currently in state init
[0m00:26:57.145950 [debug] [MainThread]: SQL status: OK in 0.0 seconds
[0m00:26:57.147091 [debug] [MainThread]: On debug: Close
[0m00:26:57.147670 [info ] [MainThread]:   Connection test: [[32mOK connection ok[0m]

[0m00:26:57.148300 [info ] [MainThread]: [32mAll checks passed![0m
[0m00:26:57.149388 [debug] [MainThread]: Resource report: {"command_name": "debug", "command_success": true, "command_wall_clock_time": 0.3835537, "process_user_time": 1.581673, "process_kernel_time": 0.144152, "process_mem_max_rss": "130076", "process_out_blocks": "16", "process_in_blocks": "0"}
[0m00:26:57.150185 [debug] [MainThread]: Command `dbt debug` succeeded at 00:26:57.150068 after 0.38 seconds
[0m00:26:57.150731 [debug] [MainThread]: Connection 'debug' was properly closed.
[0m00:26:57.151337 [debug] [MainThread]: Sending event: {'category': 'dbt', 'action': 'invocation', 'label': 'end', 'context': [<snowplow_tracker.self_describing_json.SelfDescribingJson object at 0x7b7ef8647310>, <snowplow_tracker.self_describing_json.SelfDescribingJson object at 0x7b7ef7361420>, <snowplow_tracker.self_describing_json.SelfDescribingJson object at 0x7b7ef8070b50>]}
[0m00:26:57.151953 [debug] [MainThread]: Flushing usage events
[0m00:27:03.531058 [debug] [MainThread]: Sending event: {'category': 'dbt', 'action': 'invocation', 'label': 'start', 'context': [<snowplow_tracker.self_describing_json.SelfDescribingJson object at 0x721a1acf72e0>, <snowplow_tracker.self_describing_json.SelfDescribingJson object at 0x721a192803a0>, <snowplow_tracker.self_describing_json.SelfDescribingJson object at 0x721a19280400>]}


============================== 00:27:03.534074 | 11ef263a-06d4-4e49-adeb-cfb05fa0c7f8 ==============================
[0m00:27:03.534074 [info ] [MainThread]: Running with dbt=1.8.2
[0m00:27:03.534921 [debug] [MainThread]: running dbt with arguments {'printer_width': '80', 'indirect_selection': 'eager', 'write_json': 'True', 'log_cache_events': 'False', 'partial_parse': 'True', 'cache_selected_only': 'False', 'profiles_dir': '/workspaces/dbt/hello_world', 'version_check': 'True', 'fail_fast': 'False', 'log_path': '/workspaces/dbt/hello_world/logs', 'warn_error': 'None', 'debug': 'False', 'use_colors': 'True', 'use_experimental_parser': 'False', 'no_print': 'None', 'quiet': 'False', 'log_format': 'default', 'invocation_command': 'dbt run', 'introspect': 'True', 'warn_error_options': 'WarnErrorOptions(include=[], exclude=[])', 'target_path': 'None', 'static_parser': 'True', 'send_anonymous_usage_stats': 'True'}
[0m00:27:03.757916 [debug] [MainThread]: Sending event: {'category': 'dbt', 'action': 'project_id', 'label': '11ef263a-06d4-4e49-adeb-cfb05fa0c7f8', 'context': [<snowplow_tracker.self_describing_json.SelfDescribingJson object at 0x721a1518abf0>]}
[0m00:27:03.820934 [debug] [MainThread]: Sending event: {'category': 'dbt', 'action': 'adapter_info', 'label': '11ef263a-06d4-4e49-adeb-cfb05fa0c7f8', 'context': [<snowplow_tracker.self_describing_json.SelfDescribingJson object at 0x721a19226a10>]}
[0m00:27:03.821983 [info ] [MainThread]: Registered adapter: duckdb=1.8.1
[0m00:27:03.837645 [debug] [MainThread]: checksum: f0a141b9de567cb7f131613ba2682f40b3a1c6a157f81c6e5435862eff68f109, vars: {}, profile: , target: , version: 1.8.2
[0m00:27:03.839103 [info ] [MainThread]: Unable to do partial parsing because saved manifest not found. Starting full parse.
[0m00:27:03.840057 [debug] [MainThread]: Sending event: {'category': 'dbt', 'action': 'partial_parser', 'label': '11ef263a-06d4-4e49-adeb-cfb05fa0c7f8', 'context': [<snowplow_tracker.self_describing_json.SelfDescribingJson object at 0x721a150567a0>]}
[0m00:27:05.074383 [debug] [MainThread]: Sending event: {'category': 'dbt', 'action': 'load_project', 'label': '11ef263a-06d4-4e49-adeb-cfb05fa0c7f8', 'context': [<snowplow_tracker.self_describing_json.SelfDescribingJson object at 0x721a19260c10>]}
[0m00:27:05.160164 [debug] [MainThread]: Sending event: {'category': 'dbt', 'action': 'resource_counts', 'label': '11ef263a-06d4-4e49-adeb-cfb05fa0c7f8', 'context': [<snowplow_tracker.self_describing_json.SelfDescribingJson object at 0x721a14fce6e0>]}
[0m00:27:05.160916 [info ] [MainThread]: Found 1 model, 406 macros
[0m00:27:05.161557 [debug] [MainThread]: Sending event: {'category': 'dbt', 'action': 'runnable_timing', 'label': '11ef263a-06d4-4e49-adeb-cfb05fa0c7f8', 'context': [<snowplow_tracker.self_describing_json.SelfDescribingJson object at 0x721a14fcd900>]}
[0m00:27:05.163484 [info ] [MainThread]: 
[0m00:27:05.164337 [debug] [MainThread]: Acquiring new duckdb connection 'master'
[0m00:27:05.165458 [debug] [ThreadPool]: Acquiring new duckdb connection 'list_memory'
[0m00:27:05.225580 [debug] [ThreadPool]: Using duckdb connection "list_memory"
[0m00:27:05.226320 [debug] [ThreadPool]: On list_memory: /* {"app": "dbt", "dbt_version": "1.8.2", "profile_name": "hello_world", "target_name": "dev", "connection_name": "list_memory"} */

    
    select schema_name
    from system.information_schema.schemata
    
    where catalog_name = '"memory"'
    
  
  
[0m00:27:05.226901 [debug] [ThreadPool]: Opening a new connection, currently in state init
[0m00:27:05.234923 [debug] [ThreadPool]: SQL status: OK in 0.0 seconds
[0m00:27:05.236389 [debug] [ThreadPool]: On list_memory: Close
[0m00:27:05.237356 [debug] [ThreadPool]: Re-using an available connection from the pool (formerly list_memory, now create_memory_main)
[0m00:27:05.238120 [debug] [ThreadPool]: Creating schema "database: "memory"
schema: "main"
"
[0m00:27:05.246417 [debug] [ThreadPool]: Using duckdb connection "create_memory_main"
[0m00:27:05.247015 [debug] [ThreadPool]: On create_memory_main: /* {"app": "dbt", "dbt_version": "1.8.2", "profile_name": "hello_world", "target_name": "dev", "connection_name": "create_memory_main"} */

    
        select type from duckdb_databases()
        where database_name='memory'
        and type='sqlite'
    
  
[0m00:27:05.247536 [debug] [ThreadPool]: Opening a new connection, currently in state closed
[0m00:27:05.248505 [debug] [ThreadPool]: SQL status: OK in 0.0 seconds
[0m00:27:05.249906 [debug] [ThreadPool]: Using duckdb connection "create_memory_main"
[0m00:27:05.250440 [debug] [ThreadPool]: On create_memory_main: BEGIN
[0m00:27:05.251123 [debug] [ThreadPool]: SQL status: OK in 0.0 seconds
[0m00:27:05.251649 [debug] [ThreadPool]: Using duckdb connection "create_memory_main"
[0m00:27:05.252183 [debug] [ThreadPool]: On create_memory_main: /* {"app": "dbt", "dbt_version": "1.8.2", "profile_name": "hello_world", "target_name": "dev", "connection_name": "create_memory_main"} */

    
    
        create schema if not exists "memory"."main"
    
[0m00:27:05.252872 [debug] [ThreadPool]: SQL status: OK in 0.0 seconds
[0m00:27:05.253902 [debug] [ThreadPool]: On create_memory_main: COMMIT
[0m00:27:05.254432 [debug] [ThreadPool]: Using duckdb connection "create_memory_main"
[0m00:27:05.254990 [debug] [ThreadPool]: On create_memory_main: COMMIT
[0m00:27:05.255650 [debug] [ThreadPool]: SQL status: OK in 0.0 seconds
[0m00:27:05.256203 [debug] [ThreadPool]: On create_memory_main: Close
[0m00:27:05.257552 [debug] [ThreadPool]: Re-using an available connection from the pool (formerly create_memory_main, now list_memory_main)
[0m00:27:05.263735 [debug] [ThreadPool]: Using duckdb connection "list_memory_main"
[0m00:27:05.264276 [debug] [ThreadPool]: On list_memory_main: BEGIN
[0m00:27:05.264792 [debug] [ThreadPool]: Opening a new connection, currently in state closed
[0m00:27:05.265588 [debug] [ThreadPool]: SQL status: OK in 0.0 seconds
[0m00:27:05.266122 [debug] [ThreadPool]: Using duckdb connection "list_memory_main"
[0m00:27:05.266686 [debug] [ThreadPool]: On list_memory_main: /* {"app": "dbt", "dbt_version": "1.8.2", "profile_name": "hello_world", "target_name": "dev", "connection_name": "list_memory_main"} */
select
      'memory' as database,
      table_name as name,
      table_schema as schema,
      CASE table_type
        WHEN 'BASE TABLE' THEN 'table'
        WHEN 'VIEW' THEN 'view'
        WHEN 'LOCAL TEMPORARY' THEN 'table'
        END as type
    from system.information_schema.tables
    where table_schema = 'main'
    and table_catalog = 'memory'
  
[0m00:27:05.291460 [debug] [ThreadPool]: SQL status: OK in 0.0 seconds
[0m00:27:05.293037 [debug] [ThreadPool]: On list_memory_main: ROLLBACK
[0m00:27:05.293849 [debug] [ThreadPool]: Failed to rollback 'list_memory_main'
[0m00:27:05.294644 [debug] [ThreadPool]: On list_memory_main: Close
[0m00:27:05.295609 [debug] [MainThread]: Sending event: {'category': 'dbt', 'action': 'runnable_timing', 'label': '11ef263a-06d4-4e49-adeb-cfb05fa0c7f8', 'context': [<snowplow_tracker.self_describing_json.SelfDescribingJson object at 0x721a1508beb0>]}
[0m00:27:05.296305 [debug] [MainThread]: Using duckdb connection "master"
[0m00:27:05.296835 [debug] [MainThread]: On master: BEGIN
[0m00:27:05.297341 [debug] [MainThread]: Opening a new connection, currently in state init
[0m00:27:05.298036 [debug] [MainThread]: SQL status: OK in 0.0 seconds
[0m00:27:05.298567 [debug] [MainThread]: On master: COMMIT
[0m00:27:05.299142 [debug] [MainThread]: Using duckdb connection "master"
[0m00:27:05.299663 [debug] [MainThread]: On master: COMMIT
[0m00:27:05.300294 [debug] [MainThread]: SQL status: OK in 0.0 seconds
[0m00:27:05.300843 [debug] [MainThread]: On master: Close
[0m00:27:05.301506 [info ] [MainThread]: Concurrency: 1 threads (target='dev')
[0m00:27:05.302130 [info ] [MainThread]: 
[0m00:27:05.304419 [debug] [Thread-1 (]: Began running node model.my_dbt_project.model
[0m00:27:05.305163 [info ] [Thread-1 (]: 1 of 1 START sql view model main.model ......................................... [RUN]
[0m00:27:05.305892 [debug] [Thread-1 (]: Re-using an available connection from the pool (formerly list_memory_main, now model.my_dbt_project.model)
[0m00:27:05.306505 [debug] [Thread-1 (]: Began compiling node model.my_dbt_project.model
[0m00:27:05.316180 [debug] [Thread-1 (]: Writing injected SQL for node "model.my_dbt_project.model"
[0m00:27:05.318235 [debug] [Thread-1 (]: Began executing node model.my_dbt_project.model
[0m00:27:05.385660 [debug] [Thread-1 (]: Writing runtime sql for node "model.my_dbt_project.model"
[0m00:27:05.386809 [debug] [Thread-1 (]: Using duckdb connection "model.my_dbt_project.model"
[0m00:27:05.387470 [debug] [Thread-1 (]: On model.my_dbt_project.model: BEGIN
[0m00:27:05.388057 [debug] [Thread-1 (]: Opening a new connection, currently in state closed
[0m00:27:05.389148 [debug] [Thread-1 (]: SQL status: OK in 0.0 seconds
[0m00:27:05.389750 [debug] [Thread-1 (]: Using duckdb connection "model.my_dbt_project.model"
[0m00:27:05.390338 [debug] [Thread-1 (]: On model.my_dbt_project.model: /* {"app": "dbt", "dbt_version": "1.8.2", "profile_name": "hello_world", "target_name": "dev", "node_id": "model.my_dbt_project.model"} */

  
  create view "memory"."main"."model__dbt_tmp" as (
    SELECT 'Hello, world!' AS greeting
  );

[0m00:27:05.391284 [debug] [Thread-1 (]: SQL status: OK in 0.0 seconds
[0m00:27:05.398435 [debug] [Thread-1 (]: Using duckdb connection "model.my_dbt_project.model"
[0m00:27:05.399077 [debug] [Thread-1 (]: On model.my_dbt_project.model: /* {"app": "dbt", "dbt_version": "1.8.2", "profile_name": "hello_world", "target_name": "dev", "node_id": "model.my_dbt_project.model"} */
alter view "memory"."main"."model__dbt_tmp" rename to "model"
[0m00:27:05.399891 [debug] [Thread-1 (]: SQL status: OK in 0.0 seconds
[0m00:27:05.425489 [debug] [Thread-1 (]: On model.my_dbt_project.model: COMMIT
[0m00:27:05.426505 [debug] [Thread-1 (]: Using duckdb connection "model.my_dbt_project.model"
[0m00:27:05.427508 [debug] [Thread-1 (]: On model.my_dbt_project.model: COMMIT
[0m00:27:05.428782 [debug] [Thread-1 (]: SQL status: OK in 0.0 seconds
[0m00:27:05.438713 [debug] [Thread-1 (]: Using duckdb connection "model.my_dbt_project.model"
[0m00:27:05.439776 [debug] [Thread-1 (]: On model.my_dbt_project.model: /* {"app": "dbt", "dbt_version": "1.8.2", "profile_name": "hello_world", "target_name": "dev", "node_id": "model.my_dbt_project.model"} */
drop view if exists "memory"."main"."model__dbt_backup" cascade
[0m00:27:05.441083 [debug] [Thread-1 (]: SQL status: OK in 0.0 seconds
[0m00:27:05.446315 [debug] [Thread-1 (]: On model.my_dbt_project.model: Close
[0m00:27:05.449194 [debug] [Thread-1 (]: Sending event: {'category': 'dbt', 'action': 'run_model', 'label': '11ef263a-06d4-4e49-adeb-cfb05fa0c7f8', 'context': [<snowplow_tracker.self_describing_json.SelfDescribingJson object at 0x721a1ad87310>]}
[0m00:27:05.450628 [info ] [Thread-1 (]: 1 of 1 OK created sql view model main.model .................................... [[32mOK[0m in 0.14s]
[0m00:27:05.452246 [debug] [Thread-1 (]: Finished running node model.my_dbt_project.model
[0m00:27:05.454030 [debug] [MainThread]: Using duckdb connection "master"
[0m00:27:05.454878 [debug] [MainThread]: On master: BEGIN
[0m00:27:05.455746 [debug] [MainThread]: Opening a new connection, currently in state closed
[0m00:27:05.457196 [debug] [MainThread]: SQL status: OK in 0.0 seconds
[0m00:27:05.458298 [debug] [MainThread]: On master: COMMIT
[0m00:27:05.459206 [debug] [MainThread]: Using duckdb connection "master"
[0m00:27:05.460136 [debug] [MainThread]: On master: COMMIT
[0m00:27:05.461363 [debug] [MainThread]: SQL status: OK in 0.0 seconds
[0m00:27:05.462300 [debug] [MainThread]: On master: Close
[0m00:27:05.463437 [debug] [MainThread]: Connection 'master' was properly closed.
[0m00:27:05.464377 [debug] [MainThread]: Connection 'model.my_dbt_project.model' was properly closed.
[0m00:27:05.464977 [info ] [MainThread]: 
[0m00:27:05.465698 [info ] [MainThread]: Finished running 1 view model in 0 hours 0 minutes and 0.30 seconds (0.30s).
[0m00:27:05.466969 [debug] [MainThread]: Command end result
[0m00:27:05.499857 [info ] [MainThread]: 
[0m00:27:05.500615 [info ] [MainThread]: [32mCompleted successfully[0m
[0m00:27:05.501203 [info ] [MainThread]: 
[0m00:27:05.501849 [info ] [MainThread]: Done. PASS=1 WARN=0 ERROR=0 SKIP=0 TOTAL=1
[0m00:27:05.502983 [debug] [MainThread]: Resource report: {"command_name": "run", "command_success": true, "command_wall_clock_time": 2.0348394, "process_user_time": 3.291095, "process_kernel_time": 0.155202, "process_mem_max_rss": "143052", "process_out_blocks": "2392", "process_in_blocks": "0"}
[0m00:27:05.503781 [debug] [MainThread]: Command `dbt run` succeeded at 00:27:05.503664 after 2.04 seconds
[0m00:27:05.504359 [debug] [MainThread]: Sending event: {'category': 'dbt', 'action': 'invocation', 'label': 'end', 'context': [<snowplow_tracker.self_describing_json.SelfDescribingJson object at 0x721a1acf72e0>, <snowplow_tracker.self_describing_json.SelfDescribingJson object at 0x721a151057e0>, <snowplow_tracker.self_describing_json.SelfDescribingJson object at 0x721a14d42d10>]}
[0m00:27:05.504947 [debug] [MainThread]: Flushing usage events
[0m00:27:52.972422 [debug] [MainThread]: Sending event: {'category': 'dbt', 'action': 'invocation', 'label': 'start', 'context': [<snowplow_tracker.self_describing_json.SelfDescribingJson object at 0x74426b4d7310>, <snowplow_tracker.self_describing_json.SelfDescribingJson object at 0x744269a383a0>, <snowplow_tracker.self_describing_json.SelfDescribingJson object at 0x744269a38400>]}


============================== 00:27:52.975437 | ecd2deb6-c361-4bef-9942-518df0941685 ==============================
[0m00:27:52.975437 [info ] [MainThread]: Running with dbt=1.8.2
[0m00:27:52.976285 [debug] [MainThread]: running dbt with arguments {'printer_width': '80', 'indirect_selection': 'eager', 'write_json': 'True', 'log_cache_events': 'False', 'partial_parse': 'True', 'cache_selected_only': 'False', 'profiles_dir': '/workspaces/dbt/hello_world', 'version_check': 'True', 'warn_error': 'None', 'log_path': '/workspaces/dbt/hello_world/logs', 'debug': 'False', 'fail_fast': 'False', 'use_colors': 'True', 'use_experimental_parser': 'False', 'no_print': 'None', 'quiet': 'False', 'log_format': 'default', 'static_parser': 'True', 'introspect': 'True', 'warn_error_options': 'WarnErrorOptions(include=[], exclude=[])', 'target_path': 'None', 'invocation_command': 'dbt build', 'send_anonymous_usage_stats': 'True'}
[0m00:27:53.199738 [debug] [MainThread]: Sending event: {'category': 'dbt', 'action': 'project_id', 'label': 'ecd2deb6-c361-4bef-9942-518df0941685', 'context': [<snowplow_tracker.self_describing_json.SelfDescribingJson object at 0x74426581caf0>]}
[0m00:27:53.263969 [debug] [MainThread]: Sending event: {'category': 'dbt', 'action': 'adapter_info', 'label': 'ecd2deb6-c361-4bef-9942-518df0941685', 'context': [<snowplow_tracker.self_describing_json.SelfDescribingJson object at 0x74426a811240>]}
[0m00:27:53.265086 [info ] [MainThread]: Registered adapter: duckdb=1.8.1
[0m00:27:53.280724 [debug] [MainThread]: checksum: f0a141b9de567cb7f131613ba2682f40b3a1c6a157f81c6e5435862eff68f109, vars: {}, profile: , target: , version: 1.8.2
[0m00:27:53.399365 [debug] [MainThread]: Partial parsing enabled: 0 files deleted, 0 files added, 0 files changed.
[0m00:27:53.399981 [debug] [MainThread]: Partial parsing enabled, no changes found, skipping parsing
[0m00:27:53.434250 [debug] [MainThread]: Sending event: {'category': 'dbt', 'action': 'load_project', 'label': 'ecd2deb6-c361-4bef-9942-518df0941685', 'context': [<snowplow_tracker.self_describing_json.SelfDescribingJson object at 0x744265635e10>]}
[0m00:27:53.536683 [debug] [MainThread]: Sending event: {'category': 'dbt', 'action': 'resource_counts', 'label': 'ecd2deb6-c361-4bef-9942-518df0941685', 'context': [<snowplow_tracker.self_describing_json.SelfDescribingJson object at 0x744265635600>]}
[0m00:27:53.537460 [info ] [MainThread]: Found 1 model, 406 macros
[0m00:27:53.539505 [info ] [MainThread]: 
[0m00:27:53.540348 [debug] [MainThread]: Acquiring new duckdb connection 'master'
[0m00:27:53.541602 [debug] [ThreadPool]: Acquiring new duckdb connection 'list_memory'
[0m00:27:53.592304 [debug] [ThreadPool]: Using duckdb connection "list_memory"
[0m00:27:53.593069 [debug] [ThreadPool]: On list_memory: /* {"app": "dbt", "dbt_version": "1.8.2", "profile_name": "hello_world", "target_name": "dev", "connection_name": "list_memory"} */

    
    select schema_name
    from system.information_schema.schemata
    
    where catalog_name = '"memory"'
    
  
  
[0m00:27:53.593600 [debug] [ThreadPool]: Opening a new connection, currently in state init
[0m00:27:53.601749 [debug] [ThreadPool]: SQL status: OK in 0.0 seconds
[0m00:27:53.603215 [debug] [ThreadPool]: On list_memory: Close
[0m00:27:53.604171 [debug] [ThreadPool]: Re-using an available connection from the pool (formerly list_memory, now create_memory_main)
[0m00:27:53.604900 [debug] [ThreadPool]: Creating schema "database: "memory"
schema: "main"
"
[0m00:27:53.612895 [debug] [ThreadPool]: Using duckdb connection "create_memory_main"
[0m00:27:53.613466 [debug] [ThreadPool]: On create_memory_main: /* {"app": "dbt", "dbt_version": "1.8.2", "profile_name": "hello_world", "target_name": "dev", "connection_name": "create_memory_main"} */

    
        select type from duckdb_databases()
        where database_name='memory'
        and type='sqlite'
    
  
[0m00:27:53.613986 [debug] [ThreadPool]: Opening a new connection, currently in state closed
[0m00:27:53.615027 [debug] [ThreadPool]: SQL status: OK in 0.0 seconds
[0m00:27:53.616403 [debug] [ThreadPool]: Using duckdb connection "create_memory_main"
[0m00:27:53.616940 [debug] [ThreadPool]: On create_memory_main: BEGIN
[0m00:27:53.617607 [debug] [ThreadPool]: SQL status: OK in 0.0 seconds
[0m00:27:53.618222 [debug] [ThreadPool]: Using duckdb connection "create_memory_main"
[0m00:27:53.618764 [debug] [ThreadPool]: On create_memory_main: /* {"app": "dbt", "dbt_version": "1.8.2", "profile_name": "hello_world", "target_name": "dev", "connection_name": "create_memory_main"} */

    
    
        create schema if not exists "memory"."main"
    
[0m00:27:53.619487 [debug] [ThreadPool]: SQL status: OK in 0.0 seconds
[0m00:27:53.620506 [debug] [ThreadPool]: On create_memory_main: COMMIT
[0m00:27:53.621036 [debug] [ThreadPool]: Using duckdb connection "create_memory_main"
[0m00:27:53.621558 [debug] [ThreadPool]: On create_memory_main: COMMIT
[0m00:27:53.622208 [debug] [ThreadPool]: SQL status: OK in 0.0 seconds
[0m00:27:53.622749 [debug] [ThreadPool]: On create_memory_main: Close
[0m00:27:53.624107 [debug] [ThreadPool]: Re-using an available connection from the pool (formerly create_memory_main, now list_memory_main)
[0m00:27:53.630199 [debug] [ThreadPool]: Using duckdb connection "list_memory_main"
[0m00:27:53.630742 [debug] [ThreadPool]: On list_memory_main: BEGIN
[0m00:27:53.631282 [debug] [ThreadPool]: Opening a new connection, currently in state closed
[0m00:27:53.632075 [debug] [ThreadPool]: SQL status: OK in 0.0 seconds
[0m00:27:53.632617 [debug] [ThreadPool]: Using duckdb connection "list_memory_main"
[0m00:27:53.633173 [debug] [ThreadPool]: On list_memory_main: /* {"app": "dbt", "dbt_version": "1.8.2", "profile_name": "hello_world", "target_name": "dev", "connection_name": "list_memory_main"} */
select
      'memory' as database,
      table_name as name,
      table_schema as schema,
      CASE table_type
        WHEN 'BASE TABLE' THEN 'table'
        WHEN 'VIEW' THEN 'view'
        WHEN 'LOCAL TEMPORARY' THEN 'table'
        END as type
    from system.information_schema.tables
    where table_schema = 'main'
    and table_catalog = 'memory'
  
[0m00:27:53.659150 [debug] [ThreadPool]: SQL status: OK in 0.0 seconds
[0m00:27:53.660471 [debug] [ThreadPool]: On list_memory_main: ROLLBACK
[0m00:27:53.661223 [debug] [ThreadPool]: Failed to rollback 'list_memory_main'
[0m00:27:53.661746 [debug] [ThreadPool]: On list_memory_main: Close
[0m00:27:53.662652 [debug] [MainThread]: Sending event: {'category': 'dbt', 'action': 'runnable_timing', 'label': 'ecd2deb6-c361-4bef-9942-518df0941685', 'context': [<snowplow_tracker.self_describing_json.SelfDescribingJson object at 0x74426564e650>]}
[0m00:27:53.663418 [debug] [MainThread]: Using duckdb connection "master"
[0m00:27:53.663940 [debug] [MainThread]: On master: BEGIN
[0m00:27:53.664449 [debug] [MainThread]: Opening a new connection, currently in state init
[0m00:27:53.665151 [debug] [MainThread]: SQL status: OK in 0.0 seconds
[0m00:27:53.665682 [debug] [MainThread]: On master: COMMIT
[0m00:27:53.666213 [debug] [MainThread]: Using duckdb connection "master"
[0m00:27:53.666787 [debug] [MainThread]: On master: COMMIT
[0m00:27:53.667463 [debug] [MainThread]: SQL status: OK in 0.0 seconds
[0m00:27:53.668302 [debug] [MainThread]: On master: Close
[0m00:27:53.669238 [info ] [MainThread]: Concurrency: 1 threads (target='dev')
[0m00:27:53.670155 [info ] [MainThread]: 
[0m00:27:53.672627 [debug] [Thread-1 (]: Began running node model.my_dbt_project.model
[0m00:27:53.673369 [info ] [Thread-1 (]: 1 of 1 START sql view model main.model ......................................... [RUN]
[0m00:27:53.674098 [debug] [Thread-1 (]: Re-using an available connection from the pool (formerly list_memory_main, now model.my_dbt_project.model)
[0m00:27:53.674697 [debug] [Thread-1 (]: Began compiling node model.my_dbt_project.model
[0m00:27:53.683572 [debug] [Thread-1 (]: Writing injected SQL for node "model.my_dbt_project.model"
[0m00:27:53.684499 [debug] [Thread-1 (]: Began executing node model.my_dbt_project.model
[0m00:27:53.726514 [debug] [Thread-1 (]: Writing runtime sql for node "model.my_dbt_project.model"
[0m00:27:53.727452 [debug] [Thread-1 (]: Using duckdb connection "model.my_dbt_project.model"
[0m00:27:53.728057 [debug] [Thread-1 (]: On model.my_dbt_project.model: BEGIN
[0m00:27:53.728636 [debug] [Thread-1 (]: Opening a new connection, currently in state closed
[0m00:27:53.729586 [debug] [Thread-1 (]: SQL status: OK in 0.0 seconds
[0m00:27:53.730185 [debug] [Thread-1 (]: Using duckdb connection "model.my_dbt_project.model"
[0m00:27:53.730794 [debug] [Thread-1 (]: On model.my_dbt_project.model: /* {"app": "dbt", "dbt_version": "1.8.2", "profile_name": "hello_world", "target_name": "dev", "node_id": "model.my_dbt_project.model"} */

  
  create view "memory"."main"."model__dbt_tmp" as (
    SELECT 'Hello, world!' AS greeting
  );

[0m00:27:53.731759 [debug] [Thread-1 (]: SQL status: OK in 0.0 seconds
[0m00:27:53.739838 [debug] [Thread-1 (]: Using duckdb connection "model.my_dbt_project.model"
[0m00:27:53.740884 [debug] [Thread-1 (]: On model.my_dbt_project.model: /* {"app": "dbt", "dbt_version": "1.8.2", "profile_name": "hello_world", "target_name": "dev", "node_id": "model.my_dbt_project.model"} */
alter view "memory"."main"."model__dbt_tmp" rename to "model"
[0m00:27:53.741963 [debug] [Thread-1 (]: SQL status: OK in 0.0 seconds
[0m00:27:53.758743 [debug] [Thread-1 (]: On model.my_dbt_project.model: COMMIT
[0m00:27:53.759420 [debug] [Thread-1 (]: Using duckdb connection "model.my_dbt_project.model"
[0m00:27:53.760024 [debug] [Thread-1 (]: On model.my_dbt_project.model: COMMIT
[0m00:27:53.760784 [debug] [Thread-1 (]: SQL status: OK in 0.0 seconds
[0m00:27:53.766918 [debug] [Thread-1 (]: Using duckdb connection "model.my_dbt_project.model"
[0m00:27:53.767930 [debug] [Thread-1 (]: On model.my_dbt_project.model: /* {"app": "dbt", "dbt_version": "1.8.2", "profile_name": "hello_world", "target_name": "dev", "node_id": "model.my_dbt_project.model"} */
drop view if exists "memory"."main"."model__dbt_backup" cascade
[0m00:27:53.768823 [debug] [Thread-1 (]: SQL status: OK in 0.0 seconds
[0m00:27:53.771478 [debug] [Thread-1 (]: On model.my_dbt_project.model: Close
[0m00:27:53.773318 [debug] [Thread-1 (]: Sending event: {'category': 'dbt', 'action': 'run_model', 'label': 'ecd2deb6-c361-4bef-9942-518df0941685', 'context': [<snowplow_tracker.self_describing_json.SelfDescribingJson object at 0x744264870790>]}
[0m00:27:53.774173 [info ] [Thread-1 (]: 1 of 1 OK created sql view model main.model .................................... [[32mOK[0m in 0.10s]
[0m00:27:53.775131 [debug] [Thread-1 (]: Finished running node model.my_dbt_project.model
[0m00:27:53.776493 [debug] [MainThread]: Using duckdb connection "master"
[0m00:27:53.777040 [debug] [MainThread]: On master: BEGIN
[0m00:27:53.777564 [debug] [MainThread]: Opening a new connection, currently in state closed
[0m00:27:53.778274 [debug] [MainThread]: SQL status: OK in 0.0 seconds
[0m00:27:53.778807 [debug] [MainThread]: On master: COMMIT
[0m00:27:53.779385 [debug] [MainThread]: Using duckdb connection "master"
[0m00:27:53.780063 [debug] [MainThread]: On master: COMMIT
[0m00:27:53.780707 [debug] [MainThread]: SQL status: OK in 0.0 seconds
[0m00:27:53.781518 [debug] [MainThread]: On master: Close
[0m00:27:53.782328 [debug] [MainThread]: Connection 'master' was properly closed.
[0m00:27:53.782855 [debug] [MainThread]: Connection 'model.my_dbt_project.model' was properly closed.
[0m00:27:53.783414 [info ] [MainThread]: 
[0m00:27:53.784032 [info ] [MainThread]: Finished running 1 view model in 0 hours 0 minutes and 0.24 seconds (0.24s).
[0m00:27:53.784993 [debug] [MainThread]: Command end result
[0m00:27:53.815461 [info ] [MainThread]: 
[0m00:27:53.816278 [info ] [MainThread]: [32mCompleted successfully[0m
[0m00:27:53.816938 [info ] [MainThread]: 
[0m00:27:53.817575 [info ] [MainThread]: Done. PASS=1 WARN=0 ERROR=0 SKIP=0 TOTAL=1
[0m00:27:53.818669 [debug] [MainThread]: Resource report: {"command_name": "build", "command_success": true, "command_wall_clock_time": 0.91262233, "process_user_time": 2.138645, "process_kernel_time": 0.147906, "process_mem_max_rss": "143944", "process_out_blocks": "1624", "process_in_blocks": "0"}
[0m00:27:53.819486 [debug] [MainThread]: Command `dbt build` succeeded at 00:27:53.819369 after 0.91 seconds
[0m00:27:53.820072 [debug] [MainThread]: Sending event: {'category': 'dbt', 'action': 'invocation', 'label': 'end', 'context': [<snowplow_tracker.self_describing_json.SelfDescribingJson object at 0x74426b4d7310>, <snowplow_tracker.self_describing_json.SelfDescribingJson object at 0x74426a811240>, <snowplow_tracker.self_describing_json.SelfDescribingJson object at 0x74426596b310>]}
[0m00:27:53.820674 [debug] [MainThread]: Flushing usage events
[0m00:28:58.809892 [debug] [MainThread]: Sending event: {'category': 'dbt', 'action': 'invocation', 'label': 'start', 'context': [<snowplow_tracker.self_describing_json.SelfDescribingJson object at 0x7dfa1439b370>, <snowplow_tracker.self_describing_json.SelfDescribingJson object at 0x7dfa12937f10>, <snowplow_tracker.self_describing_json.SelfDescribingJson object at 0x7dfa12937eb0>]}


============================== 00:28:58.812921 | d9171179-6ae2-4d71-ad2a-0bf9d15fa6bd ==============================
[0m00:28:58.812921 [info ] [MainThread]: Running with dbt=1.8.2
[0m00:28:58.813769 [debug] [MainThread]: running dbt with arguments {'printer_width': '80', 'indirect_selection': 'eager', 'write_json': 'True', 'log_cache_events': 'False', 'partial_parse': 'True', 'cache_selected_only': 'False', 'warn_error': 'None', 'debug': 'False', 'version_check': 'True', 'log_path': '/workspaces/dbt/hello_world/logs', 'profiles_dir': '/workspaces/dbt/hello_world', 'fail_fast': 'False', 'use_colors': 'True', 'use_experimental_parser': 'False', 'no_print': 'None', 'quiet': 'False', 'log_format': 'default', 'invocation_command': 'dbt docs generate', 'introspect': 'True', 'static_parser': 'True', 'target_path': 'None', 'warn_error_options': 'WarnErrorOptions(include=[], exclude=[])', 'send_anonymous_usage_stats': 'True'}
[0m00:28:59.039141 [debug] [MainThread]: Sending event: {'category': 'dbt', 'action': 'project_id', 'label': 'd9171179-6ae2-4d71-ad2a-0bf9d15fa6bd', 'context': [<snowplow_tracker.self_describing_json.SelfDescribingJson object at 0x7dfa0e73ab60>]}
[0m00:28:59.142434 [debug] [MainThread]: Sending event: {'category': 'dbt', 'action': 'adapter_info', 'label': 'd9171179-6ae2-4d71-ad2a-0bf9d15fa6bd', 'context': [<snowplow_tracker.self_describing_json.SelfDescribingJson object at 0x7dfa1498e8f0>]}
[0m00:28:59.144089 [info ] [MainThread]: Registered adapter: duckdb=1.8.1
[0m00:28:59.168294 [debug] [MainThread]: checksum: f0a141b9de567cb7f131613ba2682f40b3a1c6a157f81c6e5435862eff68f109, vars: {}, profile: , target: , version: 1.8.2
[0m00:28:59.290544 [debug] [MainThread]: Partial parsing enabled: 0 files deleted, 0 files added, 0 files changed.
[0m00:28:59.291328 [debug] [MainThread]: Partial parsing enabled, no changes found, skipping parsing
[0m00:28:59.338349 [debug] [MainThread]: Sending event: {'category': 'dbt', 'action': 'load_project', 'label': 'd9171179-6ae2-4d71-ad2a-0bf9d15fa6bd', 'context': [<snowplow_tracker.self_describing_json.SelfDescribingJson object at 0x7dfa0e551e70>]}
[0m00:28:59.355251 [debug] [MainThread]: Sending event: {'category': 'dbt', 'action': 'resource_counts', 'label': 'd9171179-6ae2-4d71-ad2a-0bf9d15fa6bd', 'context': [<snowplow_tracker.self_describing_json.SelfDescribingJson object at 0x7dfa0f738880>]}
[0m00:28:59.356182 [info ] [MainThread]: Found 1 model, 406 macros
[0m00:28:59.357010 [debug] [MainThread]: Sending event: {'category': 'dbt', 'action': 'runnable_timing', 'label': 'd9171179-6ae2-4d71-ad2a-0bf9d15fa6bd', 'context': [<snowplow_tracker.self_describing_json.SelfDescribingJson object at 0x7dfa0f73ada0>]}
[0m00:28:59.361687 [info ] [MainThread]: 
[0m00:28:59.363529 [debug] [MainThread]: Acquiring new duckdb connection 'master'
[0m00:28:59.366123 [debug] [ThreadPool]: Acquiring new duckdb connection 'list_memory_main'
[0m00:28:59.420883 [debug] [ThreadPool]: Using duckdb connection "list_memory_main"
[0m00:28:59.421575 [debug] [ThreadPool]: On list_memory_main: BEGIN
[0m00:28:59.422118 [debug] [ThreadPool]: Opening a new connection, currently in state init
[0m00:28:59.429212 [debug] [ThreadPool]: SQL status: OK in 0.0 seconds
[0m00:28:59.429790 [debug] [ThreadPool]: Using duckdb connection "list_memory_main"
[0m00:28:59.430352 [debug] [ThreadPool]: On list_memory_main: /* {"app": "dbt", "dbt_version": "1.8.2", "profile_name": "hello_world", "target_name": "dev", "connection_name": "list_memory_main"} */
select
      'memory' as database,
      table_name as name,
      table_schema as schema,
      CASE table_type
        WHEN 'BASE TABLE' THEN 'table'
        WHEN 'VIEW' THEN 'view'
        WHEN 'LOCAL TEMPORARY' THEN 'table'
        END as type
    from system.information_schema.tables
    where table_schema = 'main'
    and table_catalog = 'memory'
  
[0m00:28:59.457824 [debug] [ThreadPool]: SQL status: OK in 0.0 seconds
[0m00:28:59.459399 [debug] [ThreadPool]: On list_memory_main: ROLLBACK
[0m00:28:59.460197 [debug] [ThreadPool]: Failed to rollback 'list_memory_main'
[0m00:28:59.460757 [debug] [ThreadPool]: On list_memory_main: Close
[0m00:28:59.461732 [debug] [MainThread]: Sending event: {'category': 'dbt', 'action': 'runnable_timing', 'label': 'd9171179-6ae2-4d71-ad2a-0bf9d15fa6bd', 'context': [<snowplow_tracker.self_describing_json.SelfDescribingJson object at 0x7dfa0e552050>]}
[0m00:28:59.462554 [info ] [MainThread]: Concurrency: 1 threads (target='dev')
[0m00:28:59.463207 [info ] [MainThread]: 
[0m00:28:59.465752 [debug] [Thread-1 (]: Began running node model.my_dbt_project.model
[0m00:28:59.466457 [debug] [Thread-1 (]: Re-using an available connection from the pool (formerly list_memory_main, now model.my_dbt_project.model)
[0m00:28:59.467092 [debug] [Thread-1 (]: Began compiling node model.my_dbt_project.model
[0m00:28:59.476206 [debug] [Thread-1 (]: Writing injected SQL for node "model.my_dbt_project.model"
[0m00:28:59.477083 [debug] [Thread-1 (]: Began executing node model.my_dbt_project.model
[0m00:28:59.478045 [debug] [Thread-1 (]: Finished running node model.my_dbt_project.model
[0m00:28:59.479208 [debug] [MainThread]: Connection 'master' was properly closed.
[0m00:28:59.479723 [debug] [MainThread]: Connection 'model.my_dbt_project.model' was properly closed.
[0m00:28:59.480595 [debug] [MainThread]: Command end result
[0m00:28:59.594697 [debug] [MainThread]: Acquiring new duckdb connection 'generate_catalog'
[0m00:28:59.595717 [info ] [MainThread]: Building catalog
[0m00:28:59.613910 [debug] [ThreadPool]: Acquiring new duckdb connection 'memory.information_schema'
[0m00:28:59.628400 [debug] [ThreadPool]: Using duckdb connection "memory.information_schema"
[0m00:28:59.629338 [debug] [ThreadPool]: On memory.information_schema: BEGIN
[0m00:28:59.630178 [debug] [ThreadPool]: Opening a new connection, currently in state init
[0m00:28:59.631578 [debug] [ThreadPool]: SQL status: OK in 0.0 seconds
[0m00:28:59.632423 [debug] [ThreadPool]: Using duckdb connection "memory.information_schema"
[0m00:28:59.633352 [debug] [ThreadPool]: On memory.information_schema: /* {"app": "dbt", "dbt_version": "1.8.2", "profile_name": "hello_world", "target_name": "dev", "connection_name": "memory.information_schema"} */
with relations AS (
      select
        t.table_name
        , t.database_name
        , t.schema_name
        , 'BASE TABLE' as table_type
        , t.comment as table_comment
      from duckdb_tables() t
      WHERE t.database_name = 'memory'
      UNION ALL
      SELECT v.view_name as table_name
      , v.database_name
      , v.schema_name
      , 'VIEW' as table_type
      , v.comment as table_comment
      from duckdb_views() v
      WHERE v.database_name = 'memory'
    )
    select
        'memory' as table_database,
        r.schema_name as table_schema,
        r.table_name,
        r.table_type,
        r.table_comment,
        c.column_name,
        c.column_index as column_index,
        c.data_type as column_type,
        c.comment as column_comment,
        '' as table_owner
    FROM relations r JOIN duckdb_columns() c ON r.schema_name = c.schema_name AND r.table_name = c.table_name
    WHERE (upper(r.schema_name) = upper('main'))
    ORDER BY
        r.schema_name,
        r.table_name,
        c.column_index
[0m00:28:59.664673 [debug] [ThreadPool]: SQL status: OK in 0.0 seconds
[0m00:28:59.691286 [debug] [ThreadPool]: On memory.information_schema: ROLLBACK
[0m00:28:59.691948 [debug] [ThreadPool]: Failed to rollback 'memory.information_schema'
[0m00:28:59.692478 [debug] [ThreadPool]: On memory.information_schema: Close
[0m00:28:59.737510 [info ] [MainThread]: Catalog written to /workspaces/dbt/hello_world/target/catalog.json
[0m00:28:59.738756 [debug] [MainThread]: Resource report: {"command_name": "generate", "command_success": true, "command_wall_clock_time": 0.9898422, "process_user_time": 2.155967, "process_kernel_time": 0.187997, "process_mem_max_rss": "147240", "process_out_blocks": "4584", "process_in_blocks": "0"}
[0m00:28:59.739689 [debug] [MainThread]: Command `dbt docs generate` succeeded at 00:28:59.739572 after 0.99 seconds
[0m00:28:59.740235 [debug] [MainThread]: Connection 'generate_catalog' was properly closed.
[0m00:28:59.740728 [debug] [MainThread]: Connection 'memory.information_schema' was properly closed.
[0m00:28:59.741307 [debug] [MainThread]: Sending event: {'category': 'dbt', 'action': 'invocation', 'label': 'end', 'context': [<snowplow_tracker.self_describing_json.SelfDescribingJson object at 0x7dfa1439b370>, <snowplow_tracker.self_describing_json.SelfDescribingJson object at 0x7dfa0f738880>, <snowplow_tracker.self_describing_json.SelfDescribingJson object at 0x7dfa0e6f8bb0>]}
[0m00:28:59.741914 [debug] [MainThread]: Flushing usage events
[0m00:29:07.692177 [debug] [MainThread]: Sending event: {'category': 'dbt', 'action': 'invocation', 'label': 'start', 'context': [<snowplow_tracker.self_describing_json.SelfDescribingJson object at 0x77c8f6ba7310>, <snowplow_tracker.self_describing_json.SelfDescribingJson object at 0x77c8f510c370>, <snowplow_tracker.self_describing_json.SelfDescribingJson object at 0x77c8f510c3d0>]}


============================== 00:29:07.695225 | c7ed4df3-8b5f-414b-86fb-ffd1fdbb489e ==============================
[0m00:29:07.695225 [info ] [MainThread]: Running with dbt=1.8.2
[0m00:29:07.696055 [debug] [MainThread]: running dbt with arguments {'printer_width': '80', 'indirect_selection': 'eager', 'log_cache_events': 'False', 'write_json': 'True', 'partial_parse': 'True', 'cache_selected_only': 'False', 'warn_error': 'None', 'version_check': 'True', 'debug': 'False', 'log_path': '/workspaces/dbt/hello_world/logs', 'fail_fast': 'False', 'profiles_dir': '/workspaces/dbt/hello_world', 'use_colors': 'True', 'use_experimental_parser': 'False', 'no_print': 'None', 'quiet': 'False', 'log_format': 'default', 'static_parser': 'True', 'warn_error_options': 'WarnErrorOptions(include=[], exclude=[])', 'introspect': 'True', 'target_path': 'None', 'invocation_command': 'dbt docs serve', 'send_anonymous_usage_stats': 'True'}
[0m00:29:07.918699 [debug] [MainThread]: Sending event: {'category': 'dbt', 'action': 'project_id', 'label': 'c7ed4df3-8b5f-414b-86fb-ffd1fdbb489e', 'context': [<snowplow_tracker.self_describing_json.SelfDescribingJson object at 0x77c8f1e8c820>]}
[0m00:29:07.982725 [debug] [MainThread]: Sending event: {'category': 'dbt', 'action': 'adapter_info', 'label': 'c7ed4df3-8b5f-414b-86fb-ffd1fdbb489e', 'context': [<snowplow_tracker.self_describing_json.SelfDescribingJson object at 0x77c8f1e37790>]}
[0m00:30:33.131970 [error] [MainThread]: Encountered an error:

[0m00:30:33.149458 [error] [MainThread]: Traceback (most recent call last):
  File "/usr/local/python/3.10.13/lib/python3.10/site-packages/dbt/cli/requires.py", line 138, in wrapper
    result, success = func(*args, **kwargs)
  File "/usr/local/python/3.10.13/lib/python3.10/site-packages/dbt/cli/requires.py", line 101, in wrapper
    return func(*args, **kwargs)
  File "/usr/local/python/3.10.13/lib/python3.10/site-packages/dbt/cli/requires.py", line 218, in wrapper
    return func(*args, **kwargs)
  File "/usr/local/python/3.10.13/lib/python3.10/site-packages/dbt/cli/requires.py", line 247, in wrapper
    return func(*args, **kwargs)
  File "/usr/local/python/3.10.13/lib/python3.10/site-packages/dbt/cli/requires.py", line 294, in wrapper
    return func(*args, **kwargs)
  File "/usr/local/python/3.10.13/lib/python3.10/site-packages/dbt/cli/main.py", line 303, in docs_serve
    results = task.run()
  File "/usr/local/python/3.10.13/lib/python3.10/site-packages/dbt/task/docs/serve.py", line 29, in run
    httpd.serve_forever()
  File "/usr/local/python/3.10.13/lib/python3.10/socketserver.py", line 232, in serve_forever
    ready = selector.select(poll_interval)
  File "/usr/local/python/3.10.13/lib/python3.10/selectors.py", line 416, in select
    fd_event_list = self._selector.poll(timeout)
KeyboardInterrupt

[0m00:30:33.150741 [debug] [MainThread]: Resource report: {"command_name": "serve", "command_wall_clock_time": 85.52649, "process_user_time": 1.623735, "process_kernel_time": 0.139302, "process_mem_max_rss": "121352", "process_in_blocks": "208", "process_out_blocks": "2984", "command_success": false}
[0m00:30:33.151680 [debug] [MainThread]: Command `dbt docs serve` failed at 00:30:33.151557 after 85.53 seconds
[0m00:30:33.152289 [debug] [MainThread]: Sending event: {'category': 'dbt', 'action': 'invocation', 'label': 'end', 'context': [<snowplow_tracker.self_describing_json.SelfDescribingJson object at 0x77c8f6ba7310>, <snowplow_tracker.self_describing_json.SelfDescribingJson object at 0x77c8f0fd1e10>, <snowplow_tracker.self_describing_json.SelfDescribingJson object at 0x77c8f0fd1f60>]}
[0m00:30:33.152961 [debug] [MainThread]: Flushing usage events
[0m00:30:38.294611 [debug] [MainThread]: Sending event: {'category': 'dbt', 'action': 'invocation', 'label': 'start', 'context': [<snowplow_tracker.self_describing_json.SelfDescribingJson object at 0x7f7c262b32e0>, <snowplow_tracker.self_describing_json.SelfDescribingJson object at 0x7f7c248403a0>, <snowplow_tracker.self_describing_json.SelfDescribingJson object at 0x7f7c24840400>]}


============================== 00:30:38.297531 | f27efb1b-de80-4283-a4cc-1c612c2b7fd8 ==============================
[0m00:30:38.297531 [info ] [MainThread]: Running with dbt=1.8.2
[0m00:30:38.298365 [debug] [MainThread]: running dbt with arguments {'printer_width': '80', 'indirect_selection': 'eager', 'write_json': 'True', 'log_cache_events': 'False', 'partial_parse': 'True', 'cache_selected_only': 'False', 'profiles_dir': '/workspaces/dbt/hello_world', 'fail_fast': 'False', 'warn_error': 'None', 'log_path': '/workspaces/dbt/hello_world/logs', 'version_check': 'True', 'debug': 'False', 'use_colors': 'True', 'use_experimental_parser': 'False', 'no_print': 'None', 'quiet': 'False', 'warn_error_options': 'WarnErrorOptions(include=[], exclude=[])', 'static_parser': 'True', 'invocation_command': 'dbt test', 'introspect': 'True', 'target_path': 'None', 'log_format': 'default', 'send_anonymous_usage_stats': 'True'}
[0m00:30:38.520912 [debug] [MainThread]: Sending event: {'category': 'dbt', 'action': 'project_id', 'label': 'f27efb1b-de80-4283-a4cc-1c612c2b7fd8', 'context': [<snowplow_tracker.self_describing_json.SelfDescribingJson object at 0x7f7c207886d0>]}
[0m00:30:38.592535 [debug] [MainThread]: Sending event: {'category': 'dbt', 'action': 'adapter_info', 'label': 'f27efb1b-de80-4283-a4cc-1c612c2b7fd8', 'context': [<snowplow_tracker.self_describing_json.SelfDescribingJson object at 0x7f7c255ea1a0>]}
[0m00:30:38.593602 [info ] [MainThread]: Registered adapter: duckdb=1.8.1
[0m00:30:38.610338 [debug] [MainThread]: checksum: f0a141b9de567cb7f131613ba2682f40b3a1c6a157f81c6e5435862eff68f109, vars: {}, profile: , target: , version: 1.8.2
[0m00:30:38.727718 [debug] [MainThread]: Partial parsing enabled: 0 files deleted, 0 files added, 0 files changed.
[0m00:30:38.728328 [debug] [MainThread]: Partial parsing enabled, no changes found, skipping parsing
[0m00:30:38.765502 [debug] [MainThread]: Sending event: {'category': 'dbt', 'action': 'load_project', 'label': 'f27efb1b-de80-4283-a4cc-1c612c2b7fd8', 'context': [<snowplow_tracker.self_describing_json.SelfDescribingJson object at 0x7f7c20471c60>]}
[0m00:30:38.868265 [debug] [MainThread]: Sending event: {'category': 'dbt', 'action': 'resource_counts', 'label': 'f27efb1b-de80-4283-a4cc-1c612c2b7fd8', 'context': [<snowplow_tracker.self_describing_json.SelfDescribingJson object at 0x7f7c204767a0>]}
[0m00:30:38.869289 [info ] [MainThread]: Found 1 model, 406 macros
[0m00:30:38.869934 [debug] [MainThread]: Sending event: {'category': 'dbt', 'action': 'runnable_timing', 'label': 'f27efb1b-de80-4283-a4cc-1c612c2b7fd8', 'context': [<snowplow_tracker.self_describing_json.SelfDescribingJson object at 0x7f7c20458490>]}
[0m00:30:38.871722 [info ] [MainThread]: 
[0m00:30:38.872328 [warn ] [MainThread]: Nothing to do. Try checking your model configs and model specification args
[0m00:30:38.874632 [debug] [MainThread]: Command end result
[0m00:30:38.903364 [debug] [MainThread]: Resource report: {"command_name": "test", "command_success": true, "command_wall_clock_time": 0.67274743, "process_user_time": 2.023932, "process_kernel_time": 0.119288, "process_mem_max_rss": "126652", "process_out_blocks": "1584", "process_in_blocks": "0"}
[0m00:30:38.904190 [debug] [MainThread]: Command `dbt test` succeeded at 00:30:38.904074 after 0.67 seconds
[0m00:30:38.904779 [debug] [MainThread]: Sending event: {'category': 'dbt', 'action': 'invocation', 'label': 'end', 'context': [<snowplow_tracker.self_describing_json.SelfDescribingJson object at 0x7f7c262b32e0>, <snowplow_tracker.self_describing_json.SelfDescribingJson object at 0x7f7c20658250>, <snowplow_tracker.self_describing_json.SelfDescribingJson object at 0x7f7c255e8ac0>]}
[0m00:30:38.905366 [debug] [MainThread]: Flushing usage events
